<?xml version="1.0" encoding="utf-8"?>
<test-run id="2" testcasecount="0" result="Passed" total="0" passed="0" failed="0" inconclusive="0" skipped="0" asserts="0" engine-version="3.5.0.0" clr-version="4.0.30319.42000" start-time="2026-08-12 20:17:01Z" end-time="2026-08-12 20:17:01Z" duration="0.0046815">
  <test-suite type="TestSuite" id="1000" name="IdleDefenseSurvival" fullname="IdleDefenseSurvival" runstate="Runnable" testcasecount="0" result="Passed" start-time="2026-08-12 20:17:01Z" end-time="2026-08-12 20:17:01Z" duration="0.004682" total="0" passed="0" failed="0" inconclusive="0" skipped="0" asserts="0">
    <properties>
      <property name="platform" value="EditMode" />
    </properties>
  </test-suite>
</test-run>